2025-12-24 14:25:41 [INFO]: 🛠️ Se inițializează serverul...
2025-12-24 14:26:19 [INFO]: 🛠️ Se inițializează serverul...
2025-12-24 14:26:21 [INFO]: ✅ Conectat cu succes la MariaDB!
2025-12-24 14:26:21 [INFO]: 🔍 [CMD] Scanez comenzi în: C:\Users\Nucl3\Desktop\ServerServeros\packages\server\dist\commands
2025-12-24 14:26:21 [ERROR]: ❌ Eroare la încărcarea comenzii AdminChatCommand.js: TypeError: _CommandManager.register is not a function
2025-12-24 14:26:21 [ERROR]: ❌ Eroare la încărcarea comenzii AnnounceCommand.js: TypeError: _CommandManager.register is not a function
2025-12-24 14:26:21 [ERROR]: ❌ Eroare la încărcarea comenzii FixCommand.js: TypeError: _CommandManager.register is not a function
2025-12-24 14:26:21 [ERROR]: ❌ Eroare la încărcarea comenzii SetAdminCommand.js: TypeError: _CommandManager.register is not a function
2025-12-24 14:26:21 [ERROR]: ❌ Eroare la încărcarea comenzii HealCommand.js: TypeError: _CommandManager.register is not a function
2025-12-24 14:26:21 [ERROR]: ❌ Eroare la încărcarea comenzii StopServerCommand.js: TypeError: _CommandManager.register is not a function
2025-12-24 14:26:21 [ERROR]: ❌ Eroare la încărcarea comenzii VehicleCommand.js: TypeError: _CommandManager.register is not a function
2025-12-24 14:26:21 [ERROR]: ❌ Eroare la încărcarea comenzii HelpCommand.js: TypeError: _CommandManager.register is not a function
2025-12-24 14:26:21 [ERROR]: ❌ Eroare la încărcarea comenzii MoneyCommand.js: TypeError: _CommandManager.register is not a function
2025-12-24 14:26:21 [ERROR]: ❌ Eroare la încărcarea comenzii MeCommand.js: TypeError: _CommandManager.register is not a function
2025-12-24 14:26:21 [INFO]: ✅ [CMD] 0 comenzi încărcate.
2025-12-24 14:26:21 [INFO]: ✅ Sistem Auth, Stats, Chat & Comenzi activat.
2025-12-24 14:26:21 [INFO]: 🚀 API-ul Express ascultă pe portul 3005
2025-12-24 14:27:14 [INFO]: 🛠️ Se inițializează serverul...
2025-12-24 14:27:15 [INFO]: ✅ Conectat cu succes la MariaDB!
2025-12-24 14:27:15 [INFO]: 🔍 [CMD] Scanez comenzi în: C:\Users\Nucl3\Desktop\ServerServeros\packages\server\dist\commands
2025-12-24 14:27:15 [INFO]: 🚀 API-ul Express ascultă pe portul 3005
2025-12-24 14:27:15 [INFO]: ✅ [CMD] 20 comenzi încărcate.
2025-12-24 14:27:15 [INFO]: ✅ Sistem Auth, Stats, Chat & Comenzi activat.
2025-12-24 14:29:37 [INFO]: [JOIN] Marius s-a conectat (IP: 127.0.0.1).
2025-12-24 14:29:47 [INFO]: [DB] Cont nou creat: Marius (ID: 1, Admin: 5)
2025-12-24 14:29:47 [INFO]: [AUTH] Marius s-a logat cu succes.
2025-12-24 14:30:04 [DEBUG]: [CHAT] Marius: asd
2025-12-24 14:30:05 [DEBUG]: [CHAT] Marius: salut
2025-12-24 14:32:15 [INFO]: 💾 [Auto-Save] Se salvează jucătorii online...
2025-12-24 14:32:15 [DEBUG]: [DB] Stats salvate pentru ID 1.
2025-12-24 14:33:37 [INFO]:  Se inițializează serverul...
2025-12-24 14:33:38 [INFO]:  Conectat cu succes la MariaDB!
2025-12-24 14:33:38 [INFO]:  [CMD] Scanez comenzi în: C:\Users\Nucl3\Desktop\ServerServeros\packages\server\dist\commands
2025-12-24 14:33:38 [INFO]:  [CMD] 20 comenzi încărcate.
2025-12-24 14:33:38 [INFO]:  Sistem Auth, Stats, Chat & Comenzi activat.
2025-12-24 14:33:38 [INFO]:  API-ul Express ascultă pe portul 3005
2025-12-24 14:33:40 [INFO]: [JOIN] Marius s-a conectat (IP: 127.0.0.1).
2025-12-24 14:38:38 [INFO]:  [Auto-Save] Se salvează jucătorii online...
2025-12-24 14:38:58 [INFO]:  Se inițializează serverul...
2025-12-24 14:38:59 [INFO]:  Conectat cu succes la MariaDB!
2025-12-24 14:38:59 [INFO]:  [CMD] Inregistrez comenzile din: C:\Users\Nucl3\Desktop\ServerServeros\packages\server\dist\commands
2025-12-24 14:38:59 [INFO]: Sistem Auth, Stats, Chat & Comenzi activat.
2025-12-24 14:38:59 [INFO]:  [CMD] 22 comenzi încărcate.
2025-12-24 14:38:59 [INFO]:  API-ul Express ascultă pe portul 3005
2025-12-24 14:39:00 [INFO]: [JOIN] Marius s-a conectat (IP: 127.0.0.1).
2025-12-24 14:39:10 [INFO]: [AUTH] Marius s-a logat cu succes.
2025-12-24 14:43:59 [INFO]: Se salvează jucătorii online...
2025-12-24 14:44:00 [DEBUG]: [DB] Stats salvate pentru ID 1.
2025-12-24 14:45:54 [INFO]:  Se inițializează serverul...
2025-12-24 14:45:55 [INFO]:  Conectat cu succes la MariaDB!
2025-12-24 14:45:55 [INFO]:  [CMD] Inregistrez comenzile din: C:\Users\Nucl3\Desktop\ServerServeros\packages\server\dist\commands
2025-12-24 14:45:55 [INFO]:  [CMD] 22 comenzi încărcate.
2025-12-24 14:45:55 [INFO]:  API-ul Express ascultă pe portul 3005
2025-12-24 14:45:55 [INFO]: Sistem Auth, Stats, Chat & Comenzi activat.
2025-12-24 14:45:58 [INFO]: [JOIN] Marius s-a conectat (IP: 127.0.0.1).
2025-12-24 14:50:55 [INFO]: Se salvează jucătorii online...
2025-12-24 14:52:33 [INFO]: Se inițializează serverul...
2025-12-24 14:52:34 [ERROR]: Eroare la pornirea serverului:
Unknown database 'ragemp'
2025-12-24 14:52:57 [INFO]: Se inițializează serverul...
2025-12-24 14:52:58 [INFO]: Conectat cu succes la MariaDB!
2025-12-24 14:52:58 [INFO]: [CMD] Inregistrez comenzile din: C:\Users\Nucl3\Desktop\ServerServeros\packages\server\dist
2025-12-24 14:52:58 [INFO]: [CMD] 0 comenzi încărcate.
2025-12-24 14:52:58 [INFO]: Sistem Auth, Stats, Chat & Comenzi activat.
2025-12-24 14:52:58 [INFO]: API-ul Express ascultă pe portul 3005
2025-12-24 14:53:00 [INFO]: [JOIN] Marius s-a conectat (IP: 127.0.0.1).
2025-12-24 14:56:30 [INFO]: Se inițializează serverul...
2025-12-24 14:56:31 [INFO]: Conectat cu succes la MariaDB!
2025-12-24 14:56:32 [INFO]: [CMD] Inregistrez comenzile din: C:\Users\Nucl3\Desktop\ServerServeros\packages\server\dist
2025-12-24 14:56:32 [INFO]: [CMD] 0 comenzi încărcate.
2025-12-24 14:56:32 [INFO]: Sistem Auth, Stats, Chat & Comenzi activat.
2025-12-24 14:56:32 [INFO]: API-ul Express ascultă pe portul 3005
2025-12-24 14:56:33 [INFO]: [JOIN] Marius s-a conectat (IP: 127.0.0.1).
2025-12-24 14:58:03 [INFO]: Se inițializează serverul...
2025-12-24 14:58:04 [INFO]: Conectat cu succes la MariaDB!
2025-12-24 14:58:04 [INFO]: [CMD] Inregistrez comenzile din: C:\Users\Nucl3\Desktop\ServerServeros\packages\server\dist\commands
2025-12-24 14:58:04 [INFO]: [CMD] 3 comenzi încărcate cu succes.
2025-12-24 14:58:04 [INFO]: Sistem Auth, Stats, Chat & Comenzi activat.
2025-12-24 14:58:04 [INFO]: API-ul Express ascultă pe portul 3005
2025-12-24 14:58:09 [INFO]: [JOIN] Marius s-a conectat (IP: 127.0.0.1).
2025-12-24 14:58:25 [INFO]: [AUTH] Marius s-a logat.
2025-12-24 14:59:29 [INFO]: Se inițializează serverul...
2025-12-24 14:59:30 [INFO]: Conectat cu succes la MariaDB!
2025-12-24 14:59:30 [INFO]: [CMD] 12 comenzi individuale incarcate: veh, goto, setadmin, help, cmds, register, login, stats, me, do, b, shout
2025-12-24 14:59:30 [INFO]: Sistem Auth, Stats, Chat & Comenzi activat.
2025-12-24 14:59:30 [INFO]: API-ul Express ascultă pe portul 3005
2025-12-24 14:59:34 [INFO]: [JOIN] Marius s-a conectat (IP: 127.0.0.1).
2025-12-24 14:59:39 [INFO]: [AUTH] Marius s-a logat.
2025-12-24 14:59:40 [INFO]: [CHAT] Marius: asd
2025-12-24 14:59:43 [INFO]: [CHAT] Marius: asdasdasd
2025-12-24 15:02:09 [INFO]: Se inițializează serverul...
2025-12-24 15:02:10 [INFO]: Conectat cu succes la MariaDB!
2025-12-24 15:02:10 [INFO]: [CMD] Sistem activat. 13 comenzi principale incarcate.
2025-12-24 15:02:10 [INFO]: Sistem Auth, Stats, Chat & Comenzi activat.
2025-12-24 15:02:10 [INFO]: API-ul Express ascultă pe portul 3005
2025-12-24 15:02:14 [INFO]: [JOIN] Marius s-a conectat (IP: 127.0.0.1).
2025-12-24 15:02:19 [INFO]: [AUTH] Marius s-a logat.
2025-12-24 15:02:34 [INFO]: [CHAT] Marius: asd
2025-12-24 15:13:24 [INFO]: Se inițializează serverul...
2025-12-24 15:13:25 [INFO]: Conectat cu succes la MariaDB!
2025-12-24 15:13:25 [INFO]: [CMD] Sistem activat. 11 comenzi principale incarcate.
2025-12-24 15:13:25 [INFO]: Sistem Auth, Stats, Chat & Comenzi activat.
2025-12-24 15:13:25 [INFO]: API-ul Express ascultă pe portul 3005
2025-12-24 15:13:28 [INFO]: [JOIN] Marius (ID: 0) s-a conectat.
2025-12-24 15:13:37 [INFO]: [AUTH] Marius s-a logat.
2025-12-24 15:20:05 [INFO]: Se inițializează serverul...
2025-12-24 15:20:06 [INFO]: Conectat cu succes la MariaDB!
2025-12-24 15:20:06 [INFO]: [CMD] Sistem Enterprise activat. 8 comenzi din 8 module.
2025-12-24 15:20:06 [INFO]: Sistem Auth, Stats, Chat & Comenzi activat.
2025-12-24 15:20:06 [INFO]: API-ul Express ascultă pe portul 3005
2025-12-24 15:20:07 [INFO]: [JOIN] Marius (ID: 0) s-a conectat.
2025-12-24 15:20:17 [INFO]: [AUTH] Marius s-a autentificat.
2025-12-24 15:27:13 [INFO]: [CHAT] Marius: gasd'
2025-12-24 16:06:07 [INFO]: Se inițializează serverul...
2025-12-24 16:06:08 [INFO]: Conectat cu succes la MariaDB!
2025-12-24 16:06:08 [INFO]: [CMD] Sistem Enterprise activat. 8 comenzi incarcate.
2025-12-24 16:06:08 [INFO]: Sistem Auth, Stats, Chat & Comenzi activat.
2025-12-24 16:06:08 [INFO]: API-ul Express ascultă pe portul 3005
2025-12-24 16:06:08 [INFO]: [JOIN] Marius (ID: 0) s-a conectat.
2025-12-24 16:06:21 [INFO]: [AUTH] Marius s-a autentificat.
2025-12-24 16:18:36 [INFO]: Se inițializează serverul...
2025-12-24 16:18:37 [INFO]: Conectat cu succes la MariaDB!
2025-12-24 16:18:37 [INFO]: [CMD] Sistem Enterprise activat. 17 comenzi incarcate.
2025-12-24 16:18:37 [INFO]: Sistem Auth, Stats, Chat & Comenzi activat.
2025-12-24 16:18:37 [INFO]: API-ul Express ascultă pe portul 3005
2025-12-24 16:18:41 [INFO]: [JOIN] Marius (ID: 0) s-a conectat.
2025-12-24 16:23:33 [INFO]: [AUTH] Marius s-a autentificat.
2025-12-24 16:23:39 [INFO]: [CHAT] Marius: Salut
2025-12-24 16:30:21 [INFO]: Se inițializează serverul...
2025-12-24 16:30:22 [INFO]: Conectat cu succes la MariaDB!
2025-12-24 16:30:22 [INFO]: [CMD] Sistem Enterprise activat. 17 comenzi incarcate.
2025-12-24 16:30:22 [INFO]: Sistem Auth, Stats, Chat & Comenzi activat.
2025-12-24 16:30:22 [INFO]: API-ul Express ascultă pe portul 3005
2025-12-24 16:30:22 [INFO]: [JOIN] Marius (ID: 0) s-a conectat.
2025-12-24 16:36:29 [INFO]: [AUTH] Marius s-a autentificat.
2025-12-24 16:36:34 [INFO]: [CHAT] Marius: asd
2025-12-24 16:38:32 [INFO]: [CHAT] Marius: '
2025-12-24 16:38:33 [INFO]: [CHAT] Marius: a
2025-12-24 16:44:33 [INFO]: Se inițializează serverul...
2025-12-24 16:44:34 [INFO]: Conectat cu succes la MariaDB!
2025-12-24 16:44:34 [INFO]: [CMD] Sistem Enterprise activat. 18 comenzi incarcate.
2025-12-24 16:44:34 [INFO]: Sistem Auth, Stats, Chat & Comenzi activat.
2025-12-24 16:44:34 [INFO]: API-ul Express ascultă pe portul 3005
2025-12-24 16:44:34 [INFO]: [JOIN] Marius (ID: 0) s-a conectat.
2025-12-24 16:44:41 [INFO]: [AUTH] Marius s-a autentificat.
2025-12-24 16:46:31 [INFO]: Se inițializează serverul...
2025-12-24 16:46:32 [INFO]: Conectat cu succes la MariaDB!
2025-12-24 16:46:32 [INFO]: [CMD] Sistem Enterprise activat. 17 comenzi incarcate.
2025-12-24 16:46:32 [INFO]: Sistem Auth, Stats, Chat & Comenzi activat.
2025-12-24 16:46:32 [INFO]: API-ul Express ascultă pe portul 3005
2025-12-24 16:46:32 [INFO]: [JOIN] Marius (ID: 0) s-a conectat.
2025-12-24 16:46:53 [INFO]: [AUTH] Marius s-a autentificat.
2025-12-24 16:47:44 [INFO]: [CHAT] Marius: asdasd
2025-12-24 16:47:53 [INFO]: [CHAT] Marius: .asasd
2025-12-24 16:54:55 [INFO]: Se inițializează serverul...
2025-12-24 16:54:56 [INFO]: Conectat cu succes la MariaDB!
2025-12-24 16:54:56 [INFO]: [CMD] Sistem Enterprise activat. 17 comenzi incarcate.
2025-12-24 16:54:56 [INFO]: Sistem Auth, Stats, Chat & Comenzi activat.
2025-12-24 16:54:56 [INFO]: API-ul Express ascultă pe portul 3005
2025-12-24 16:54:59 [INFO]: [JOIN] Marius (ID: 0) s-a conectat.
2025-12-24 17:00:56 [INFO]: [AUTH] Marius s-a autentificat.
2025-12-24 17:09:39 [INFO]: Se inițializează serverul...
2025-12-24 17:09:40 [INFO]: Conectat cu succes la MariaDB!
2025-12-24 17:09:40 [INFO]: [CMD] Sistem Enterprise activat. 17 comenzi incarcate.
2025-12-24 17:09:40 [ERROR]: Eroare la pornirea serverului:
express is not a function
2025-12-24 17:09:40 [INFO]: [JOIN] Marius (ID: 0) s-a conectat.
2025-12-24 17:50:34 [INFO]: Se inițializează serverul...
2025-12-24 17:50:37 [INFO]: Conectat cu succes la MariaDB!
2025-12-24 17:50:37 [INFO]: [CMD] Sistem Enterprise activat. 17 comenzi incarcate.
2025-12-24 17:50:37 [INFO]: Sistem Auth, Stats, Chat & Comenzi activat.
2025-12-24 17:50:37 [INFO]: API-ul Express ascultă pe portul 3005
2025-12-24 17:50:42 [INFO]: [JOIN] Marius (ID: 0) s-a conectat.
2025-12-24 17:51:26 [INFO]: [AUTH] Marius s-a autentificat.
2025-12-24 17:55:50 [INFO]: Se inițializează serverul...
2025-12-24 17:55:52 [INFO]: Conectat cu succes la MariaDB!
2025-12-24 17:55:52 [INFO]: [CMD] Sistem Enterprise activat. 18 comenzi incarcate.
2025-12-24 17:55:52 [INFO]: Sistem Auth, Stats, Chat & Comenzi activat.
2025-12-24 17:55:52 [INFO]: API-ul Express ascultă pe portul 3005
2025-12-24 17:55:55 [INFO]: [JOIN] Marius (ID: 0) s-a conectat.
2025-12-24 17:56:02 [INFO]: [AUTH] Marius s-a autentificat.
2025-12-24 17:58:52 [INFO]: Se inițializează serverul...
2025-12-24 17:58:55 [INFO]: Conectat cu succes la MariaDB!
2025-12-24 17:58:55 [INFO]: [CMD] Sistem Enterprise activat. 18 comenzi incarcate.
2025-12-24 17:58:55 [INFO]: Sistem Auth, Stats, Chat & Comenzi activat.
2025-12-24 17:58:55 [INFO]: API-ul Express ascultă pe portul 3005
2025-12-24 17:58:56 [INFO]: [JOIN] Marius (ID: 0) s-a conectat.
2025-12-24 17:59:33 [INFO]: [AUTH] Marius s-a autentificat.
2025-12-24 18:04:09 [INFO]: Se inițializează serverul...
2025-12-24 18:04:10 [INFO]: Conectat cu succes la MariaDB!
2025-12-24 18:04:10 [INFO]: [CMD] Sistem Comenzi activ. 18 comenzi incarcate.
2025-12-24 18:04:10 [INFO]: Sistem Auth, Stats, Chat & Comenzi activat.
2025-12-24 18:04:10 [INFO]: API-ul Express ascultă pe portul 3005
2025-12-24 18:04:11 [INFO]: [JOIN] Marius (ID: 0) s-a conectat.
2025-12-24 18:04:15 [INFO]: [AUTH] Marius s-a autentificat.
2025-12-24 18:06:11 [INFO]: Se inițializează serverul...
2025-12-24 18:06:13 [INFO]: Conectat cu succes la MariaDB!
2025-12-24 18:06:13 [INFO]: [CMD] Sistem Comenzi activ. 18 comenzi incarcate.
2025-12-24 18:06:13 [INFO]: Sistem Auth, Stats, Chat & Comenzi activat.
2025-12-24 18:06:13 [INFO]: API-ul Express ascultă pe portul 3005
2025-12-24 18:06:16 [INFO]: [JOIN] Marius (ID: 0) s-a conectat.
2025-12-24 18:06:29 [INFO]: [AUTH] Marius s-a autentificat.
2025-12-24 18:09:07 [INFO]: Se inițializează serverul...
2025-12-24 18:09:08 [INFO]: Conectat cu succes la MariaDB!
2025-12-24 18:09:08 [INFO]: [CMD] Sistem Comenzi activ. 18 comenzi incarcate.
2025-12-24 18:09:08 [INFO]: Sistem Auth, Stats, Chat & Comenzi activat.
2025-12-24 18:09:08 [INFO]: API-ul Express ascultă pe portul 3005
2025-12-24 18:09:13 [INFO]: [JOIN] Marius (ID: 0) s-a conectat.
2025-12-24 18:09:28 [INFO]: [AUTH] Marius s-a autentificat.
2025-12-24 18:10:03 [INFO]: Se inițializează serverul...
2025-12-24 18:10:04 [INFO]: Conectat cu succes la MariaDB!
2025-12-24 18:10:04 [INFO]: [CMD] Sistem Comenzi activ. 18 comenzi incarcate.
2025-12-24 18:10:04 [INFO]: Sistem Auth, Stats, Chat & Comenzi activat.
2025-12-24 18:10:04 [INFO]: API-ul Express ascultă pe portul 3005
2025-12-24 18:10:08 [INFO]: [JOIN] Marius (ID: 0) s-a conectat.
2025-12-24 18:10:12 [INFO]: [AUTH] Marius s-a autentificat.
2025-12-24 18:12:10 [INFO]: Se inițializează serverul...
2025-12-24 18:12:13 [INFO]: Conectat cu succes la MariaDB!
2025-12-24 18:12:13 [INFO]: [CMD] Sistem Comenzi activ. 18 comenzi incarcate.
2025-12-24 18:12:13 [INFO]: Sistem Auth, Stats, Chat & Comenzi activat.
2025-12-24 18:12:13 [INFO]: API-ul Express ascultă pe portul 3005
2025-12-24 18:12:13 [INFO]: [JOIN] Marius (ID: 0) s-a conectat.
2025-12-24 18:12:21 [INFO]: [AUTH] Marius s-a autentificat.
2025-12-24 18:12:22 [INFO]: [CHAT] Marius:  [DONE] "server" package has been loaded.
2025-12-24 18:14:20 [INFO]: Se inițializează serverul...
2025-12-24 18:14:21 [INFO]: Conectat cu succes la MariaDB!
2025-12-24 18:14:21 [INFO]: [CMD] Sistem Comenzi activ. 18 comenzi incarcate.
2025-12-24 18:14:21 [INFO]: Sistem Auth, Stats, Chat & Comenzi activat.
2025-12-24 18:14:21 [INFO]: API-ul Express ascultă pe portul 3005
2025-12-24 18:20:53 [INFO]: [JOIN] Marius (ID: 0) s-a conectat.
2025-12-24 18:21:08 [INFO]: [AUTH] Marius s-a autentificat.
2025-12-24 18:22:46 [INFO]: Se inițializează serverul...
2025-12-24 18:22:48 [INFO]: Conectat cu succes la MariaDB!
2025-12-24 18:22:48 [INFO]: [CMD] Sistem Comenzi activ. 18 comenzi incarcate.
2025-12-24 18:22:48 [INFO]: Sistem Auth, Stats, Chat & Comenzi activat.
2025-12-24 18:22:48 [INFO]: API-ul Express ascultă pe portul 3005
2025-12-24 18:22:54 [INFO]: [AUTH] Marius s-a autentificat.
2025-12-24 18:29:41 [INFO]: Se inițializează serverul...
2025-12-24 18:29:43 [INFO]: Conectat cu succes la MariaDB!
2025-12-24 18:29:43 [INFO]: [CMD] Sistem Comenzi activ. 18 comenzi incarcate.
2025-12-24 18:29:43 [INFO]: Sistem Auth, Stats, Chat & Comenzi activat.
2025-12-24 18:29:43 [INFO]: API-ul Express ascultă pe portul 3005
2025-12-24 18:29:59 [INFO]: [AUTH] Marius s-a autentificat.
2025-12-25 17:59:24 [INFO]: Se inițializează serverul...
2025-12-25 17:59:27 [INFO]: Conectat cu succes la MariaDB!
2025-12-25 17:59:27 [INFO]: [CMD] Sistem Comenzi activ. 18 comenzi incarcate.
2025-12-25 17:59:27 [INFO]: API-ul Express ascultă pe portul 3005
2025-12-25 18:01:00 [INFO]: [JOIN] Marius (ID: 0) s-a conectat.
2025-12-25 18:04:05 [INFO]: Se inițializează serverul...
2025-12-25 18:04:06 [INFO]: Conectat cu succes la MariaDB!
2025-12-25 18:04:06 [INFO]: [CMD] Sistem Comenzi activ. 18 comenzi incarcate.
2025-12-25 18:04:06 [INFO]: API-ul Express ascultă pe portul 3005
2025-12-25 18:04:07 [INFO]: [JOIN] Marius (ID: 0) s-a conectat.
2025-12-25 18:06:59 [INFO]: Se inițializează serverul...
2025-12-25 18:07:00 [INFO]: Conectat cu succes la MariaDB!
2025-12-25 18:07:00 [INFO]: [CMD] Sistem Comenzi activ. 18 comenzi incarcate.
2025-12-25 18:07:00 [INFO]: API-ul Express ascultă pe portul 3005
2025-12-25 18:07:06 [INFO]: [JOIN] Marius (ID: 0) s-a conectat.
2025-12-25 18:08:28 [INFO]: Se inițializează serverul...
2025-12-25 18:08:30 [INFO]: Conectat cu succes la MariaDB!
2025-12-25 18:08:30 [INFO]: [CMD] Sistem Comenzi activ. 18 comenzi incarcate.
2025-12-25 18:08:30 [INFO]: API-ul Express ascultă pe portul 3005
2025-12-25 18:08:31 [INFO]: [JOIN] Marius (ID: 0) s-a conectat.
2025-12-25 18:10:32 [INFO]: Se inițializează serverul...
2025-12-25 18:10:34 [INFO]: Conectat cu succes la MariaDB!
2025-12-25 18:10:34 [INFO]: [CMD] Sistem Comenzi activ. 18 comenzi incarcate.
2025-12-25 18:10:34 [INFO]: API-ul Express ascultă pe portul 3005
2025-12-25 18:10:38 [INFO]: [JOIN] Marius (ID: 0) s-a conectat.
2025-12-25 18:12:42 [INFO]: Se inițializează serverul...
2025-12-25 18:12:43 [INFO]: Conectat cu succes la MariaDB!
2025-12-25 18:12:43 [INFO]: [CMD] Sistem Comenzi activ. 18 comenzi incarcate.
2025-12-25 18:12:43 [INFO]: API-ul Express ascultă pe portul 3005
2025-12-25 18:12:44 [INFO]: [JOIN] Marius (ID: 0) s-a conectat.
2025-12-25 18:12:54 [INFO]: [AuthUI] DEBUG: Received login request for user: 'Marius'
2025-12-25 18:12:54 [INFO]: [AuthUI] Login Success for Marius. Sending response...
2025-12-25 18:14:28 [INFO]: [JOIN] Marius (ID: 0) s-a conectat.
2025-12-25 18:14:37 [INFO]: [AuthUI] DEBUG: Received login request for user: 'Marius'
2025-12-25 18:14:37 [INFO]: [AuthUI] Login Success for Marius. Sending response...
2025-12-25 18:15:58 [INFO]: Se inițializează serverul...
2025-12-25 18:15:59 [INFO]: Conectat cu succes la MariaDB!
2025-12-25 18:15:59 [INFO]: [CMD] Sistem Comenzi activ. 18 comenzi incarcate.
2025-12-25 18:15:59 [INFO]: API-ul Express ascultă pe portul 3005
2025-12-25 18:16:00 [INFO]: [JOIN] Marius (ID: 0) s-a conectat.
2025-12-25 18:16:08 [INFO]: [Auth] Marius s-a logat.
2025-12-25 18:18:14 [INFO]: Se inițializează serverul...
2025-12-25 18:18:15 [INFO]: Conectat cu succes la MariaDB!
2025-12-25 18:18:15 [INFO]: [CMD] Sistem Comenzi activ. 18 comenzi incarcate.
2025-12-25 18:18:15 [INFO]: API-ul Express ascultă pe portul 3005
2025-12-25 18:18:17 [INFO]: [JOIN] Marius (ID: 0) s-a conectat.
2025-12-25 18:18:36 [INFO]: [Auth] Marius s-a logat.
2025-12-25 18:20:53 [INFO]: Se inițializează serverul...
2025-12-25 18:20:54 [INFO]: Conectat cu succes la MariaDB!
2025-12-25 18:20:55 [INFO]: [CMD] Sistem Comenzi activ. 18 comenzi incarcate.
2025-12-25 18:20:55 [INFO]: API-ul Express ascultă pe portul 3005
2025-12-25 18:20:56 [INFO]: [JOIN] Marius (ID: 0) s-a conectat.
2025-12-25 18:22:16 [INFO]: Se inițializează serverul...
2025-12-25 18:22:17 [INFO]: Conectat cu succes la MariaDB!
2025-12-25 18:22:17 [INFO]: [CMD] Sistem Comenzi activ. 18 comenzi incarcate.
2025-12-25 18:22:17 [INFO]: API-ul Express ascultă pe portul 3005
2025-12-25 18:22:23 [INFO]: [JOIN] Marius (ID: 0) s-a conectat.
2025-12-25 18:23:59 [INFO]: Se inițializează serverul...
2025-12-25 18:24:00 [INFO]: Conectat cu succes la MariaDB!
2025-12-25 18:24:00 [INFO]: [CMD] Sistem Comenzi activ. 18 comenzi incarcate.
2025-12-25 18:24:00 [INFO]: API-ul Express ascultă pe portul 3005
2025-12-25 18:24:05 [INFO]: [JOIN] Marius (ID: 0) s-a conectat.
2025-12-25 18:26:53 [INFO]: Se inițializează serverul...
2025-12-25 18:26:55 [INFO]: Conectat cu succes la MariaDB!
2025-12-25 18:26:55 [INFO]: [CMD] Sistem Comenzi activ. 18 comenzi incarcate.
2025-12-25 18:26:55 [INFO]: API-ul Express ascultă pe portul 3005
2025-12-25 18:26:55 [INFO]: [JOIN] Marius (ID: 0) s-a conectat.
2025-12-25 18:27:05 [INFO]: [Auth] Marius s-a logat.
2025-12-25 18:27:20 [INFO]: [CHAT] Marius: asd'
2025-12-25 18:27:23 [INFO]: [CHAT] Marius: asd
2025-12-25 18:27:25 [INFO]: [CHAT] Marius: Salut frate
2025-12-25 18:29:38 [INFO]: Se inițializează serverul...
2025-12-25 18:29:40 [INFO]: Conectat cu succes la MariaDB!
2025-12-25 18:29:40 [INFO]: [CMD] Sistem Comenzi activ. 18 comenzi incarcate.
2025-12-25 18:29:40 [INFO]: API-ul Express ascultă pe portul 3005
2025-12-25 18:29:41 [INFO]: [JOIN] Marius (ID: 0) s-a conectat.
2025-12-25 18:29:50 [INFO]: [Auth] Marius s-a logat.
2025-12-25 18:33:01 [INFO]: Se inițializează serverul...
2025-12-25 18:33:03 [INFO]: Conectat cu succes la MariaDB!
2025-12-25 18:33:03 [INFO]: [CMD] Sistem Comenzi activ. 18 comenzi incarcate.
2025-12-25 18:33:03 [INFO]: API-ul Express ascultă pe portul 3005
2025-12-25 18:33:04 [INFO]: [JOIN] Marius (ID: 0) s-a conectat.
2025-12-25 18:33:32 [INFO]: [Auth] Marius s-a logat.
2025-12-25 18:33:39 [INFO]: [JOIN] Marius (ID: 0) s-a conectat.
2025-12-25 18:33:48 [INFO]: [Auth] Marius s-a logat.
2025-12-25 18:33:50 [INFO]: [CHAT] Marius: asd
2025-12-25 18:36:39 [INFO]: Se inițializează serverul...
2025-12-25 18:36:41 [INFO]: Conectat cu succes la MariaDB!
2025-12-25 18:36:41 [INFO]: [CMD] Sistem Comenzi activ. 18 comenzi incarcate.
2025-12-25 18:36:41 [INFO]: API-ul Express ascultă pe portul 3005
2025-12-25 18:36:42 [INFO]: [JOIN] Marius (ID: 0) s-a conectat.
2025-12-25 18:36:51 [INFO]: [Auth] Marius s-a logat.
2025-12-25 18:38:39 [INFO]: Se inițializează serverul...
2025-12-25 18:38:42 [INFO]: Conectat cu succes la MariaDB!
2025-12-25 18:38:42 [INFO]: [CMD] Sistem Comenzi activ. 18 comenzi incarcate.
2025-12-25 18:38:42 [INFO]: API-ul Express ascultă pe portul 3005
2025-12-25 18:38:43 [INFO]: [JOIN] Marius (ID: 0) s-a conectat.
2025-12-25 18:38:50 [INFO]: [Auth] Marius s-a logat.
2025-12-25 18:39:06 [INFO]: [CHAT] Marius: asd
2025-12-25 18:42:07 [INFO]: Se inițializează serverul...
2025-12-25 18:42:09 [INFO]: Conectat cu succes la MariaDB!
2025-12-25 18:42:09 [INFO]: [CMD] Sistem Comenzi activ. 18 comenzi incarcate.
2025-12-25 18:42:09 [INFO]: API-ul Express ascultă pe portul 3005
2025-12-25 18:42:09 [INFO]: [JOIN] Marius (ID: 0) s-a conectat.
2025-12-25 18:47:22 [INFO]: Se inițializează serverul...
2025-12-25 18:47:24 [INFO]: Conectat cu succes la MariaDB!
2025-12-25 18:47:24 [INFO]: [CMD] Sistem Comenzi activ. 18 comenzi incarcate.
2025-12-25 18:47:24 [INFO]: API-ul Express ascultă pe portul 3005
2025-12-25 18:49:08 [INFO]: Se inițializează serverul...
2025-12-25 18:49:11 [INFO]: Conectat cu succes la MariaDB!
2025-12-25 18:49:12 [INFO]: [CMD] Sistem Comenzi activ. 18 comenzi incarcate.
2025-12-25 18:49:12 [INFO]: API-ul Express ascultă pe portul 3005
2025-12-25 18:49:16 [INFO]: [JOIN] Marius (ID: 0) s-a conectat.
2025-12-25 18:50:14 [INFO]: Se inițializează serverul...
2025-12-25 18:50:20 [INFO]: Conectat cu succes la MariaDB!
2025-12-25 18:50:20 [INFO]: [CMD] Sistem Comenzi activ. 18 comenzi incarcate.
2025-12-25 18:50:20 [INFO]: API-ul Express ascultă pe portul 3005
2025-12-25 18:50:23 [INFO]: [JOIN] Marius (ID: 0) s-a conectat.
2025-12-25 18:51:02 [INFO]: [Auth] Marius s-a logat.
2025-12-25 19:04:21 [INFO]: [QUIT] Marius a parasit sesiunea.
2025-12-25 19:04:22 [INFO]: [JOIN] Marius (ID: 0) s-a conectat.
2025-12-25 19:04:37 [INFO]: [Auth] marius s-a logat.
2025-12-25 19:04:43 [INFO]: [QUIT] Marius a parasit sesiunea.
2025-12-25 19:04:43 [INFO]: [JOIN] Marius (ID: 0) s-a conectat.
2025-12-25 19:04:59 [INFO]: [Auth] marius s-a logat.
2025-12-25 19:08:55 [INFO]: Se inițializează serverul...
2025-12-25 19:08:57 [INFO]: Conectat cu succes la MariaDB!
2025-12-25 19:08:58 [INFO]: [CMD] Sistem Comenzi activ. 18 comenzi incarcate.
2025-12-25 19:08:58 [INFO]: API-ul Express ascultă pe portul 3005
2025-12-25 19:09:01 [INFO]: [JOIN] Marius (ID: 0) s-a conectat.
2025-12-25 19:09:27 [INFO]: [Auth] Cont nou creat: Marius
2025-12-25 19:13:18 [INFO]: Se inițializează serverul...
2025-12-25 19:13:20 [INFO]: Conectat cu succes la MariaDB!
2025-12-25 19:13:20 [INFO]: [CMD] Sistem Comenzi activ. 16 comenzi incarcate.
2025-12-25 19:13:20 [INFO]: API-ul Express ascultă pe portul 3005
2025-12-25 19:13:20 [INFO]: [JOIN] Marius (ID: 0) s-a conectat.
2025-12-25 19:13:29 [INFO]: [Auth] Marius s-a logat.
2025-12-25 19:15:21 [INFO]: Se inițializează serverul...
2025-12-25 19:15:22 [INFO]: Conectat cu succes la MariaDB!
2025-12-25 19:15:22 [INFO]: [CMD] Sistem Comenzi activ. 16 comenzi incarcate.
2025-12-25 19:15:22 [INFO]: API-ul Express ascultă pe portul 3005
2025-12-25 19:15:23 [INFO]: [JOIN] Marius (ID: 0) s-a conectat.
2025-12-25 19:15:31 [INFO]: [Auth] Marius s-a logat.
2025-12-25 19:58:41 [INFO]: Se inițializează serverul...
2025-12-25 19:58:42 [INFO]: Conectat cu succes la MariaDB!
2025-12-25 19:58:42 [INFO]: [CMD] Sistem Comenzi activ. 16 comenzi incarcate.
2025-12-25 19:58:42 [INFO]: API-ul Express ascultă pe portul 3005
2025-12-25 19:58:43 [INFO]: [JOIN] Marius (ID: 0) s-a conectat.
2025-12-25 20:00:43 [INFO]: Se inițializează serverul...
2025-12-25 20:00:45 [INFO]: Conectat cu succes la MariaDB!
2025-12-25 20:00:45 [INFO]: [CMD] Sistem Comenzi activ. 16 comenzi incarcate.
2025-12-25 20:00:45 [INFO]: API-ul Express ascultă pe portul 3005
2025-12-25 20:02:18 [INFO]: [JOIN] Marius (ID: 0) s-a conectat.
2025-12-25 20:02:26 [INFO]: [Auth] Marius s-a logat.
2025-12-25 20:06:28 [INFO]: Se inițializează serverul...
2025-12-25 20:06:31 [INFO]: Conectat cu succes la MariaDB!
2025-12-25 20:06:31 [INFO]: [CMD] Sistem Comenzi activ. 16 comenzi incarcate.
2025-12-25 20:06:31 [INFO]: API-ul Express ascultă pe portul 3005
2025-12-25 20:06:57 [INFO]: [Auth] Cont nou creat: fane
2025-12-25 20:07:26 [INFO]: [CHAT] fane: asd
2025-12-25 20:07:29 [INFO]: [CHAT] fane: baa
2025-12-25 20:07:34 [INFO]: [CHAT] fane: eu sunt admint
2025-12-25 20:09:03 [INFO]: Se inițializează serverul...
2025-12-25 20:09:03 [INFO]: Conectat cu succes la MariaDB!
2025-12-25 20:09:03 [INFO]: [CMD] Sistem Comenzi activ. 17 comenzi incarcate.
2025-12-25 20:09:03 [INFO]: API-ul Express ascultă pe portul 3005
2025-12-25 20:09:09 [INFO]: [JOIN] Marius (ID: 0) s-a conectat.
2025-12-25 20:09:21 [INFO]: [Auth] fane s-a logat.
2025-12-25 20:12:30 [INFO]: Se inițializează serverul...
2025-12-25 20:12:31 [INFO]: Conectat cu succes la MariaDB!
2025-12-25 20:12:31 [INFO]: [CMD] Sistem Comenzi activ. 17 comenzi incarcate.
2025-12-25 20:12:31 [INFO]: API-ul Express ascultă pe portul 3005
2025-12-25 20:12:36 [INFO]: [JOIN] Marius (ID: 0) s-a conectat.
2025-12-25 20:12:45 [INFO]: [Auth] Marius s-a logat.
2025-12-25 20:25:28 [INFO]: Se inițializează serverul...
2025-12-25 20:25:29 [INFO]: Conectat cu succes la MariaDB!
2025-12-25 20:25:30 [INFO]: [CMD] Sistem Comenzi activ. 17 comenzi incarcate.
2025-12-25 20:25:30 [INFO]: API-ul Express ascultă pe portul 3005
2025-12-25 20:25:30 [INFO]: [JOIN] Marius (ID: 0) s-a conectat.
2025-12-25 20:25:37 [INFO]: [Auth] Marius s-a logat.
2025-12-25 20:30:47 [INFO]: Se inițializează serverul...
2025-12-25 20:30:49 [INFO]: Conectat cu succes la MariaDB!
2025-12-25 20:30:49 [INFO]: [CMD] Sistem Comenzi activ. 17 comenzi incarcate.
2025-12-25 20:30:49 [INFO]: API-ul Express ascultă pe portul 3005
2025-12-25 20:30:55 [INFO]: [JOIN] Marius (ID: 0) s-a conectat.
2025-12-25 20:32:46 [INFO]: Se inițializează serverul...
2025-12-25 20:32:48 [INFO]: Conectat cu succes la MariaDB!
2025-12-25 20:32:48 [INFO]: [CMD] Sistem Comenzi activ. 17 comenzi incarcate.
2025-12-25 20:32:48 [INFO]: API-ul Express ascultă pe portul 3005
2025-12-25 20:32:51 [INFO]: [JOIN] Marius (ID: 0) s-a conectat.
2025-12-25 20:32:59 [INFO]: [Auth] Marius s-a logat.
2025-12-25 20:35:46 [INFO]: Se inițializează serverul...
2025-12-25 20:35:47 [INFO]: Conectat cu succes la MariaDB!
2025-12-25 20:35:47 [INFO]: [CMD] Sistem Comenzi activ. 17 comenzi incarcate.
2025-12-25 20:35:47 [INFO]: API-ul Express ascultă pe portul 3005
2025-12-25 20:35:49 [INFO]: [JOIN] Marius (ID: 0) s-a conectat.
2025-12-25 20:35:57 [INFO]: [Auth] Marius s-a logat.
2025-12-25 20:38:51 [INFO]: Se inițializează serverul...
2025-12-25 20:38:53 [INFO]: Conectat cu succes la MariaDB!
2025-12-25 20:38:53 [INFO]: [CMD] Sistem Comenzi activ. 17 comenzi incarcate.
2025-12-25 20:38:53 [INFO]: API-ul Express ascultă pe portul 3005
2025-12-25 20:38:53 [INFO]: [JOIN] Marius (ID: 0) s-a conectat.
2025-12-25 20:39:00 [INFO]: [Auth] Marius s-a logat.
2025-12-25 20:39:56 [INFO]: [CharCreator] Request from Marius: Create Mama Joe
2025-12-25 20:39:56 [ERROR]: [Character] User not found on player object for Marius
2025-12-25 20:39:58 [INFO]: [CharCreator] Request from Marius: Create Mama Joe
2025-12-25 20:39:58 [ERROR]: [Character] User not found on player object for Marius
2025-12-25 20:40:04 [INFO]: [CharCreator] Request from Marius: Create Mama Joeasd
2025-12-25 20:40:04 [ERROR]: [Character] User not found on player object for Marius
2025-12-25 20:41:49 [INFO]: Se inițializează serverul...
2025-12-25 20:41:50 [INFO]: Conectat cu succes la MariaDB!
2025-12-25 20:41:50 [INFO]: [CMD] Sistem Comenzi activ. 17 comenzi incarcate.
2025-12-25 20:41:50 [INFO]: API-ul Express ascultă pe portul 3005
2025-12-25 20:41:51 [INFO]: [JOIN] Marius (ID: 0) s-a conectat.
2025-12-25 20:42:33 [INFO]: Se inițializează serverul...
2025-12-25 20:42:35 [INFO]: Conectat cu succes la MariaDB!
2025-12-25 20:42:35 [INFO]: [CMD] Sistem Comenzi activ. 17 comenzi incarcate.
2025-12-25 20:42:35 [INFO]: API-ul Express ascultă pe portul 3005
2025-12-25 20:42:38 [INFO]: [JOIN] Marius (ID: 0) s-a conectat.
2025-12-25 20:44:25 [INFO]: Se inițializează serverul...
2025-12-25 20:44:27 [INFO]: Conectat cu succes la MariaDB!
2025-12-25 20:44:27 [INFO]: [CMD] Sistem Comenzi activ. 17 comenzi incarcate.
2025-12-25 20:44:28 [INFO]: API-ul Express ascultă pe portul 3005
2025-12-25 20:44:33 [INFO]: [JOIN] Marius (ID: 0) s-a conectat.
2025-12-25 20:44:40 [INFO]: [Auth] Marius s-a logat.
2025-12-25 20:45:03 [INFO]: [Auth] fane s-a logat.
2025-12-25 20:45:05 [INFO]: [CHAT] fane: salut
2025-12-25 20:45:07 [INFO]: [CHAT] fane: salut salut
2025-12-25 20:45:38 [INFO]: [CharCreator] Request from fane: Create Mama Joey
2025-12-25 20:45:38 [INFO]: [CharCreator] Validating name: First='Mama', Last='Joey'
2025-12-25 20:45:38 [INFO]: [Character] Created ID 1 for User fane
2025-12-25 20:47:59 [INFO]: [Auth] marius s-a logat.
2025-12-25 20:49:53 [INFO]: [CharCreator] Request from Marius: Create Marius Zemer
2025-12-25 20:49:53 [INFO]: [CharCreator] Validating name: First='Marius', Last='Zemer'
2025-12-25 20:49:54 [INFO]: [Character] Created ID 2 for User Marius
2025-12-25 20:51:42 [INFO]: Se inițializează serverul...
2025-12-25 20:51:43 [INFO]: Conectat cu succes la MariaDB!
2025-12-25 20:51:43 [INFO]: [CMD] Sistem Comenzi activ. 17 comenzi incarcate.
2025-12-25 20:51:43 [INFO]: API-ul Express ascultă pe portul 3005
2025-12-25 20:51:44 [INFO]: [JOIN] Marius (ID: 0) s-a conectat.
2025-12-25 20:52:03 [INFO]: [Auth] Marius s-a logat.
2025-12-25 20:52:20 [INFO]: [QUIT] Marius a parasit sesiunea.
2025-12-25 20:52:20 [INFO]: [JOIN] Marius (ID: 0) s-a conectat.
2025-12-25 20:52:27 [INFO]: [Auth] fane s-a logat.
2025-12-25 20:52:48 [INFO]: [QUIT] fane a parasit sesiunea.
2025-12-25 23:15:25 [INFO]: Se inițializează serverul...
2025-12-25 23:15:26 [INFO]: Conectat cu succes la MariaDB!
2025-12-25 23:15:26 [INFO]: [CMD] Sistem Comenzi activ. 17 comenzi incarcate.
2025-12-25 23:15:26 [INFO]: API-ul Express ascultă pe portul 3005
2025-12-25 23:16:51 [INFO]: [JOIN] Marius (ID: 0) s-a conectat.
2025-12-25 23:17:07 [INFO]: [Auth] Marius s-a logat.
2025-12-25 23:22:15 [INFO]: [QUIT] Marius a parasit sesiunea.
2025-12-25 23:24:34 [INFO]: Se inițializează serverul...
2025-12-25 23:24:35 [INFO]: Conectat cu succes la MariaDB!
2025-12-25 23:24:35 [INFO]: [CMD] Sistem Comenzi activ. 17 comenzi incarcate.
2025-12-25 23:24:35 [INFO]: API-ul Express ascultă pe portul 3005
2025-12-25 23:26:02 [INFO]: [JOIN] Marius (ID: 0) s-a conectat.
2025-12-25 23:26:10 [INFO]: [Auth] fane s-a logat.
2025-12-25 23:26:18 [INFO]: [QUIT] fane a parasit sesiunea.
2025-12-25 23:26:19 [INFO]: [JOIN] Marius (ID: 0) s-a conectat.
2025-12-25 23:26:26 [INFO]: [Auth] Marius s-a logat.
2025-12-25 23:40:07 [INFO]: Se inițializează serverul...
2025-12-25 23:40:09 [INFO]: Conectat cu succes la MariaDB!
2025-12-25 23:40:09 [INFO]: [CMD] Sistem Comenzi activ. 17 comenzi incarcate.
2025-12-25 23:40:09 [INFO]: API-ul Express ascultă pe portul 3005
2025-12-25 23:40:09 [INFO]: [JOIN] Marius (ID: 0) s-a conectat.
2025-12-25 23:40:25 [INFO]: [Auth] marius s-a logat.
2025-12-25 23:51:47 [INFO]: Se inițializează serverul...
2025-12-25 23:51:48 [INFO]: Conectat cu succes la MariaDB!
2025-12-25 23:51:48 [INFO]: [CMD] Sistem Comenzi activ. 17 comenzi incarcate.
2025-12-25 23:51:48 [INFO]: API-ul Express ascultă pe portul 3005
2025-12-25 23:51:51 [INFO]: [JOIN] Marius (ID: 0) s-a conectat.
2025-12-25 23:51:58 [INFO]: [Auth] Marius s-a logat.
2025-12-25 23:55:28 [INFO]: Se inițializează serverul...
2025-12-25 23:55:29 [INFO]: Conectat cu succes la MariaDB!
2025-12-25 23:55:30 [INFO]: [CMD] Sistem Comenzi activ. 17 comenzi incarcate.
2025-12-25 23:55:30 [INFO]: API-ul Express ascultă pe portul 3005
2025-12-25 23:55:30 [INFO]: [JOIN] Marius (ID: 0) s-a conectat.
2025-12-25 23:55:37 [INFO]: [Auth] Marius s-a logat.
2025-12-25 23:55:46 [INFO]: [CHAT] Marius: ip_m1000rr_23
2025-12-25 23:57:04 [INFO]: Se inițializează serverul...
2025-12-25 23:57:04 [INFO]: Conectat cu succes la MariaDB!
2025-12-25 23:57:04 [INFO]: [CMD] Sistem Comenzi activ. 17 comenzi incarcate.
2025-12-25 23:57:04 [INFO]: API-ul Express ascultă pe portul 3005
2025-12-25 23:57:08 [INFO]: [JOIN] Marius (ID: 0) s-a conectat.
2025-12-25 23:57:14 [INFO]: [Auth] Marius s-a logat.
2025-12-25 23:58:49 [INFO]: Se inițializează serverul...
2025-12-25 23:58:50 [INFO]: Conectat cu succes la MariaDB!
2025-12-25 23:58:50 [INFO]: [CMD] Sistem Comenzi activ. 17 comenzi incarcate.
2025-12-25 23:58:50 [INFO]: API-ul Express ascultă pe portul 3005
2025-12-25 23:58:52 [INFO]: [JOIN] Marius (ID: 0) s-a conectat.
2025-12-25 23:58:58 [INFO]: [Auth] marius s-a logat.
2025-12-26 00:01:00 [INFO]: Se inițializează serverul...
2025-12-26 00:01:00 [INFO]: Conectat cu succes la MariaDB!
2025-12-26 00:01:00 [INFO]: [CMD] Sistem Comenzi activ. 17 comenzi incarcate.
2025-12-26 00:01:00 [INFO]: API-ul Express ascultă pe portul 3005
2025-12-26 00:01:02 [INFO]: [JOIN] Marius (ID: 0) s-a conectat.
2025-12-26 00:01:08 [INFO]: [Auth] marius s-a logat.
2025-12-26 00:02:28 [INFO]: Se inițializează serverul...
2025-12-26 00:02:28 [INFO]: Conectat cu succes la MariaDB!
2025-12-26 00:02:29 [INFO]: [CMD] Sistem Comenzi activ. 17 comenzi incarcate.
2025-12-26 00:02:29 [INFO]: API-ul Express ascultă pe portul 3005
2025-12-26 00:02:31 [INFO]: [JOIN] Marius (ID: 0) s-a conectat.
2025-12-26 00:02:37 [INFO]: [Auth] marius s-a logat.
2025-12-26 00:04:05 [INFO]: Se inițializează serverul...
2025-12-26 00:04:07 [INFO]: Conectat cu succes la MariaDB!
2025-12-26 00:04:07 [INFO]: [CMD] Sistem Comenzi activ. 17 comenzi incarcate.
2025-12-26 00:04:07 [INFO]: API-ul Express ascultă pe portul 3005
2025-12-26 00:04:07 [INFO]: [JOIN] Marius (ID: 0) s-a conectat.
2025-12-26 00:04:19 [INFO]: [Auth] marius s-a logat.
2025-12-26 00:07:05 [INFO]: Se inițializează serverul...
2025-12-26 00:07:06 [INFO]: Conectat cu succes la MariaDB!
2025-12-26 00:07:06 [INFO]: [CMD] Sistem Comenzi activ. 17 comenzi incarcate.
2025-12-26 00:07:06 [INFO]: API-ul Express ascultă pe portul 3005
2025-12-26 00:07:08 [INFO]: [JOIN] Marius (ID: 0) s-a conectat.
2025-12-26 00:07:19 [INFO]: [Auth] marius s-a logat.
2025-12-26 00:08:34 [INFO]: [QUIT] Marius a parasit sesiunea.
2025-12-26 00:08:43 [INFO]: Se inițializează serverul...
2025-12-26 00:08:43 [INFO]: Conectat cu succes la MariaDB!
2025-12-26 00:08:43 [INFO]: [CMD] Sistem Comenzi activ. 17 comenzi incarcate.
2025-12-26 00:08:43 [INFO]: API-ul Express ascultă pe portul 3005
2025-12-26 00:10:31 [INFO]: [JOIN] Marius (ID: 0) s-a conectat.
2025-12-26 00:10:37 [INFO]: [Auth] marius s-a logat.
2025-12-26 00:12:43 [INFO]: Se inițializează serverul...
2025-12-26 00:12:43 [INFO]: Conectat cu succes la MariaDB!
2025-12-26 00:12:43 [INFO]: [CMD] Sistem Comenzi activ. 17 comenzi incarcate.
2025-12-26 00:12:43 [INFO]: API-ul Express ascultă pe portul 3005
2025-12-26 00:12:46 [INFO]: [JOIN] Marius (ID: 0) s-a conectat.
2025-12-26 00:12:52 [INFO]: [Auth] marius s-a logat.
2025-12-26 00:13:42 [INFO]: Se inițializează serverul...
2025-12-26 00:13:42 [INFO]: Conectat cu succes la MariaDB!
2025-12-26 00:13:43 [INFO]: [CMD] Sistem Comenzi activ. 17 comenzi incarcate.
2025-12-26 00:13:43 [INFO]: API-ul Express ascultă pe portul 3005
2025-12-26 00:13:45 [INFO]: [JOIN] Marius (ID: 0) s-a conectat.
2025-12-26 00:13:50 [INFO]: [Auth] marius s-a logat.
2025-12-26 00:44:15 [INFO]: Se inițializează serverul...
2025-12-26 00:44:16 [INFO]: Conectat cu succes la MariaDB!
2025-12-26 00:44:16 [INFO]: [CMD] Sistem Comenzi activ. 17 comenzi incarcate.
2025-12-26 00:44:16 [INFO]: API-ul Express ascultă pe portul 3005
